  源.cpp
g:\code\github\mycode\socket\udpclient\udpclient\filehelper.h(21): warning C4996: 'scanf': This function or variable may be unsafe. Consider using scanf_s instead. To disable deprecation, use _CRT_SECURE_NO_WARNINGS. See online help for details.
  c:\program files (x86)\windows kits\10\include\10.0.10240.0\ucrt\stdio.h(1270): note: 参见“scanf”的声明
g:\code\github\mycode\socket\udpclient\udpclient\filehelper.h(23): warning C4996: 'fopen': This function or variable may be unsafe. Consider using fopen_s instead. To disable deprecation, use _CRT_SECURE_NO_WARNINGS. See online help for details.
  c:\program files (x86)\windows kits\10\include\10.0.10240.0\ucrt\stdio.h(205): note: 参见“fopen”的声明
g:\code\github\mycode\socket\udpclient\udpclient\filehelper.h(37): warning C4996: '_splitpath': This function or variable may be unsafe. Consider using _splitpath_s instead. To disable deprecation, use _CRT_SECURE_NO_WARNINGS. See online help for details.
  c:\program files (x86)\windows kits\10\include\10.0.10240.0\ucrt\stdlib.h(1096): note: 参见“_splitpath”的声明
g:\code\github\mycode\socket\udpclient\udpclient\filehelper.h(38): warning C4996: 'strcat': This function or variable may be unsafe. Consider using strcat_s instead. To disable deprecation, use _CRT_SECURE_NO_WARNINGS. See online help for details.
  c:\program files (x86)\windows kits\10\include\10.0.10240.0\ucrt\string.h(90): note: 参见“strcat”的声明
g:\code\github\mycode\socket\udpclient\udpclient\filehelper.h(43): warning C4996: 'fopen': This function or variable may be unsafe. Consider using fopen_s instead. To disable deprecation, use _CRT_SECURE_NO_WARNINGS. See online help for details.
  c:\program files (x86)\windows kits\10\include\10.0.10240.0\ucrt\stdio.h(205): note: 参见“fopen”的声明
g:\code\github\mycode\socket\udpclient\udpclient\filehelper.h(58): warning C4800: “int”: 将值强制为布尔值“true”或“false”(性能警告)
g:\code\github\mycode\socket\udpclient\udpclient\filehelper.h(58): warning C4996: 'strcat': This function or variable may be unsafe. Consider using strcat_s instead. To disable deprecation, use _CRT_SECURE_NO_WARNINGS. See online help for details.
  c:\program files (x86)\windows kits\10\include\10.0.10240.0\ucrt\string.h(90): note: 参见“strcat”的声明
g:\code\github\mycode\socket\udpclient\udpclient\源.cpp(40): warning C4996: 'inet_addr': Use inet_pton() or InetPton() instead or define _WINSOCK_DEPRECATED_NO_WARNINGS to disable deprecated API warnings
  c:\program files (x86)\windows kits\8.1\include\um\winsock2.h(1850): note: 参见“inet_addr”的声明
g:\code\github\mycode\socket\udpclient\udpclient\源.cpp(48): warning C4996: 'strcpy': This function or variable may be unsafe. Consider using strcpy_s instead. To disable deprecation, use _CRT_SECURE_NO_WARNINGS. See online help for details.
  c:\program files (x86)\windows kits\10\include\10.0.10240.0\ucrt\string.h(119): note: 参见“strcpy”的声明
  UDPClient.vcxproj -> G:\Code\github\MyCode\Socket\UDPClient\Debug\UDPClient.exe
  UDPClient.vcxproj -> G:\Code\github\MyCode\Socket\UDPClient\Debug\UDPClient.pdb (Full PDB)
