生成启动时间为 2017/4/30 12:40:43。
     1>项目“c:\Users\Lenovo\documents\visual studio 2012\Projects\UDPServer\UDPServer\UDPServer.vcxproj”在节点 2 上(Build 个目标)。
     1>ClCompile:
         D:\software\Visual Studio 2012\VC\bin\CL.exe /c /ZI /nologo /W3 /WX- /Od /Oy- /D WIN32 /D _DEBUG /D _CONSOLE /D _UNICODE /D UNICODE /Gm /EHsc /RTC1 /MDd /GS /fp:precise /Zc:wchar_t /Zc:forScope /Fo"Debug\\" /Fd"Debug\vc110.pdb" /Gd /TP /analyze- /errorReport:prompt "源.cpp"
         源.cpp
     1>c:\users\lenovo\documents\visual studio 2012\projects\udpserver\udpserver\filehelper.h(21): warning C4996: 'scanf': This function or variable may be unsafe. Consider using scanf_s instead. To disable deprecation, use _CRT_SECURE_NO_WARNINGS. See online help for details.
                 d:\software\visual studio 2012\vc\include\stdio.h(290) : 参见“scanf”的声明
     1>c:\users\lenovo\documents\visual studio 2012\projects\udpserver\udpserver\filehelper.h(23): warning C4996: 'fopen': This function or variable may be unsafe. Consider using fopen_s instead. To disable deprecation, use _CRT_SECURE_NO_WARNINGS. See online help for details.
                 d:\software\visual studio 2012\vc\include\stdio.h(218) : 参见“fopen”的声明
     1>c:\users\lenovo\documents\visual studio 2012\projects\udpserver\udpserver\filehelper.h(37): warning C4996: '_splitpath': This function or variable may be unsafe. Consider using _splitpath_s instead. To disable deprecation, use _CRT_SECURE_NO_WARNINGS. See online help for details.
                 d:\software\visual studio 2012\vc\include\stdlib.h(824) : 参见“_splitpath”的声明
     1>c:\users\lenovo\documents\visual studio 2012\projects\udpserver\udpserver\filehelper.h(38): warning C4996: 'strcat': This function or variable may be unsafe. Consider using strcat_s instead. To disable deprecation, use _CRT_SECURE_NO_WARNINGS. See online help for details.
                 d:\software\visual studio 2012\vc\include\string.h(115) : 参见“strcat”的声明
     1>c:\users\lenovo\documents\visual studio 2012\projects\udpserver\udpserver\filehelper.h(43): warning C4996: 'fopen': This function or variable may be unsafe. Consider using fopen_s instead. To disable deprecation, use _CRT_SECURE_NO_WARNINGS. See online help for details.
                 d:\software\visual studio 2012\vc\include\stdio.h(218) : 参见“fopen”的声明
     1>c:\users\lenovo\documents\visual studio 2012\projects\udpserver\udpserver\filehelper.h(58): warning C4800: “int”: 将值强制为布尔值“true”或“false”(性能警告)
     1>c:\users\lenovo\documents\visual studio 2012\projects\udpserver\udpserver\filehelper.h(58): warning C4996: 'strcat': This function or variable may be unsafe. Consider using strcat_s instead. To disable deprecation, use _CRT_SECURE_NO_WARNINGS. See online help for details.
                 d:\software\visual studio 2012\vc\include\string.h(115) : 参见“strcat”的声明
     1>c:\users\lenovo\documents\visual studio 2012\projects\udpserver\udpserver\源.cpp(58): warning C4996: 'strcpy': This function or variable may be unsafe. Consider using strcpy_s instead. To disable deprecation, use _CRT_SECURE_NO_WARNINGS. See online help for details.
                 d:\software\visual studio 2012\vc\include\string.h(110) : 参见“strcpy”的声明
     1>c:\users\lenovo\documents\visual studio 2012\projects\udpserver\udpserver\源.cpp(59): warning C4996: 'strcpy': This function or variable may be unsafe. Consider using strcpy_s instead. To disable deprecation, use _CRT_SECURE_NO_WARNINGS. See online help for details.
                 d:\software\visual studio 2012\vc\include\string.h(110) : 参见“strcpy”的声明
     1>c:\users\lenovo\documents\visual studio 2012\projects\udpserver\udpserver\源.cpp(61): warning C4996: 'strcpy': This function or variable may be unsafe. Consider using strcpy_s instead. To disable deprecation, use _CRT_SECURE_NO_WARNINGS. See online help for details.
                 d:\software\visual studio 2012\vc\include\string.h(110) : 参见“strcpy”的声明
     1>c:\users\lenovo\documents\visual studio 2012\projects\udpserver\udpserver\源.cpp(62): warning C4996: 'strcat': This function or variable may be unsafe. Consider using strcat_s instead. To disable deprecation, use _CRT_SECURE_NO_WARNINGS. See online help for details.
                 d:\software\visual studio 2012\vc\include\string.h(115) : 参见“strcat”的声明
     1>c:\users\lenovo\documents\visual studio 2012\projects\udpserver\udpserver\源.cpp(63): warning C4996: 'strcat': This function or variable may be unsafe. Consider using strcat_s instead. To disable deprecation, use _CRT_SECURE_NO_WARNINGS. See online help for details.
                 d:\software\visual studio 2012\vc\include\string.h(115) : 参见“strcat”的声明
       Link:
         D:\software\Visual Studio 2012\VC\bin\link.exe /ERRORREPORT:PROMPT /OUT:"c:\users\lenovo\documents\visual studio 2012\Projects\UDPServer\Debug\UDPServer.exe" /INCREMENTAL /NOLOGO kernel32.lib user32.lib gdi32.lib winspool.lib comdlg32.lib advapi32.lib shell32.lib ole32.lib oleaut32.lib uuid.lib odbc32.lib odbccp32.lib /MANIFEST /MANIFESTUAC:"level='asInvoker' uiAccess='false'" /manifest:embed /DEBUG /PDB:"c:\users\lenovo\documents\visual studio 2012\Projects\UDPServer\Debug\UDPServer.pdb" /SUBSYSTEM:CONSOLE /TLBID:1 /DYNAMICBASE /NXCOMPAT /IMPLIB:"c:\users\lenovo\documents\visual studio 2012\Projects\UDPServer\Debug\UDPServer.lib" /MACHINE:X86 "Debug\源.obj"
         UDPServer.vcxproj -> c:\users\lenovo\documents\visual studio 2012\Projects\UDPServer\Debug\UDPServer.exe
     1>已完成生成项目“c:\Users\Lenovo\documents\visual studio 2012\Projects\UDPServer\UDPServer\UDPServer.vcxproj”(Build 个目标)的操作。

生成成功。

已用时间 00:00:00.68
